'contact' cannot be imported (topology tools will be slow.)Using double precision GROMACS version 4
GMX resnames not in AMBER: CA CL CS DAB HO4 HOH HYP IB+ K LI MG NA NH2 ORN RB URE ZN
AMBER resnames not in GMX: 
Executing process: [92mpdb2gmx -ff amberfb15 -f protein-gmx.pdb          [0m Stdin: 1\n
Executing process: [92mtleap -f stage.leap                               [0m
Executing process: [92mgrompp_d -f eq.mdp -o eq.tpr                      [0m
Executing process: [92mmdrun_d -nt 1 -v -stepout 10 -deffnm eq           [0m
Executing process: [92mtrjconv_d -s eq.tpr -f eq.trr -o eq.gro -ndec 9 -pbc mol -dump 1[0m Stdin: 0\n
Executing process: [92m/home/leeping/opt/gromacs/bin/grompp_d -f enerfrc.mdp -c constrained.gro -p topol.top -maxwarn 1[0m
Executing process: [92m/home/leeping/opt/gromacs/bin/gmxdump_d -s topol.tpr -sys[0m
Executing process: [92m/home/leeping/opt/gromacs/bin/mdrun_d -nt 1 -rerunvsite -rerun constrained.gro[0m
Executing process: [92m/home/leeping/opt/gromacs/bin/g_energy_d -xvg no -f ener.edr -o energy.xvg[0m Stdin: Potential
Executing process: [92m/home/leeping/opt/gromacs/bin/g_traj_d -xvg no -s topol.tpr -f traj.trr -of force.xvg -fp[0m Stdin: System
Executing process: [92m/home/leeping/opt/gromacs/bin/g_energy_d -f ener.edr -xvg no[0m Stdin: Total-Energy\n
Executing process: [92m/home/leeping/opt/gromacs/bin/g_energy_d -f ener.edr -o energy.xvg -xvg no[0m Stdin: Bond\nAngle\nProper-Dih.\nImproper-Dih.\nLJ-14\nCoulomb-14\nLJ-(SR)\nCoulomb-(SR)\nPotential\nKinetic-En.\nTotal-Energy
#========================================================#
#| [92m             GROMACS energy components              [0m |#
#========================================================#
Bond                      4.454114 
Angle                     48.233192 
Proper-Dih.               38.690562 
Improper-Dih.             5.185898 
LJ-14                     22.4394 
Coulomb-14                232.757849 
LJ-(SR)                   -6.021047 
Coulomb-(SR)              -364.376191 
Potential                 -18.636222 
----------------------------------------------------------
Defines: {}
Constraints HBonds
#========================================================#
#| [92m              AMBER energy components               [0m |#
#========================================================#
BOND                      4.4542864 
ANGLE                     48.233152 
DIHED                     46.3005624 
1-4 NB                    22.4396288 
1-4 EEL                   232.7592672 
VDWAALS                   -6.0211944 
EELEC                     -364.36364 
EPTOT                     -16.198356 
----------------------------------------------------------
                        Bond           4.454114   --vs--       BOND           4.454286 Diff:     0.000172
                       Angle          48.233192   --vs--      ANGLE          48.233152 Diff:    -0.000040
   Proper-Dih.+Improper-Dih.          43.876460   --vs--      DIHED          46.300562 Diff:     2.424102
                       LJ-14          22.439400   --vs--     1-4 NB          22.439629 Diff:     0.000229
                  Coulomb-14         232.757849   --vs--    1-4 EEL         232.759267 Diff:     0.001418
       LJ-(SR)+Disper.-corr.          -6.021047   --vs--    VDWAALS          -6.021194 Diff:    -0.000147
   Coulomb-(SR)+Coul.-recip.        -364.376191   --vs--      EELEC        -364.363640 Diff:     0.012551
                   Potential         -18.636222   --vs--      EPTOT         -16.198356 Diff:     2.437866
RMS / Max Force Difference (kJ/mol/nm):  4.818521e+01  1.415542e+02
