'contact' cannot be imported (topology tools will be slow.)Using double precision GROMACS version 4
GMX resnames not in AMBER: CA CL CS DAB HO4 HOH HYP IB+ K LI MG NA NH2 ORN RB URE ZN
AMBER resnames not in GMX: 
Executing process: [92mpdb2gmx -ff amberfb15 -f water-gmx.pdb            [0m Stdin: 1\n
Executing process: [92mtleap -f stage.leap                               [0m
Executing process: [92mgrompp_d -f eq.mdp -o eq.tpr                      [0m
Executing process: [92mmdrun_d -nt 1 -v -stepout 10 -deffnm eq           [0m
Executing process: [92mtrjconv_d -s eq.tpr -f eq.trr -o eq.gro -ndec 9 -pbc mol -dump 1[0m Stdin: 0\n
Executing process: [92m/home/leeping/opt/gromacs/bin/grompp_d -f enerfrc.mdp -c constrained.gro -p topol.top -maxwarn 1[0m
Executing process: [92m/home/leeping/opt/gromacs/bin/gmxdump_d -s topol.tpr -sys[0m
Executing process: [92m/home/leeping/opt/gromacs/bin/mdrun_d -nt 1 -rerunvsite -rerun constrained.gro[0m
Executing process: [92m/home/leeping/opt/gromacs/bin/g_energy_d -xvg no -f ener.edr -o energy.xvg[0m Stdin: Potential
Executing process: [92m/home/leeping/opt/gromacs/bin/g_traj_d -xvg no -s topol.tpr -f traj.trr -of force.xvg -fp[0m Stdin: System
Executing process: [92m/home/leeping/opt/gromacs/bin/g_energy_d -f ener.edr -xvg no[0m Stdin: Total-Energy\n
Executing process: [92m/home/leeping/opt/gromacs/bin/g_energy_d -f ener.edr -o energy.xvg -xvg no[0m Stdin: LJ-(SR)\nCoulomb-(SR)\nPotential\nKinetic-En.\nTotal-Energy
#========================================================#
#| [92m             GROMACS energy components              [0m |#
#========================================================#
LJ-(SR)                   1717.267047 
Coulomb-(SR)              -8713.250202 
Potential                 -6995.983155 
----------------------------------------------------------
Defines: {}
Constraints HBonds
#========================================================#
#| [92m              AMBER energy components               [0m |#
#========================================================#
BOND                      0.0 
VDWAALS                   1717.266316 
EELEC                     -8712.9490432 
EPTOT                     -6995.6827272 
----------------------------------------------------------
                        Bond           0.000000   --vs--       BOND           0.000000 Diff:     0.000000
                       Angle           0.000000   --vs--      ANGLE           0.000000 Diff:     0.000000
   Proper-Dih.+Improper-Dih.           0.000000   --vs--      DIHED           0.000000 Diff:     0.000000
                       LJ-14           0.000000   --vs--     1-4 NB           0.000000 Diff:     0.000000
                  Coulomb-14           0.000000   --vs--    1-4 EEL           0.000000 Diff:     0.000000
       LJ-(SR)+Disper.-corr.        1717.267047   --vs--    VDWAALS        1717.266316 Diff:    -0.000731
   Coulomb-(SR)+Coul.-recip.       -8713.250202   --vs--      EELEC       -8712.949043 Diff:     0.301159
                   Potential       -6995.983155   --vs--      EPTOT       -6995.682727 Diff:     0.300428
RMS / Max Force Difference (kJ/mol/nm):  8.395038e-02  2.688972e-01
