'contact' cannot be imported (topology tools will be slow.)Using double precision GROMACS version 4
GMX resnames not in AMBER: CA CL CS DAB HO4 HOH HYP IB+ K LI MG NA NH2 ORN RB URE ZN
AMBER resnames not in GMX: 
Executing process: [92mpdb2gmx -ff amberfb15ni -f protein-gmx.pdb        [0m Stdin: 1\n
Executing process: [92mtleap -f stage.leap                               [0m
Executing process: [92mgrompp_d -f eq.mdp -o eq.tpr                      [0m
Executing process: [92mmdrun_d -nt 1 -v -stepout 10 -deffnm eq           [0m
Executing process: [92mtrjconv_d -s eq.tpr -f eq.trr -o eq.gro -ndec 9 -pbc mol -dump 1[0m Stdin: 0\n
Executing process: [92m/home/leeping/opt/gromacs/bin/grompp_d -f enerfrc.mdp -c constrained.gro -p topol.top -maxwarn 1[0m
Executing process: [92m/home/leeping/opt/gromacs/bin/gmxdump_d -s topol.tpr -sys[0m
Executing process: [92m/home/leeping/opt/gromacs/bin/mdrun_d -nt 1 -rerunvsite -rerun constrained.gro[0m
Executing process: [92m/home/leeping/opt/gromacs/bin/g_energy_d -xvg no -f ener.edr -o energy.xvg[0m Stdin: Potential
Executing process: [92m/home/leeping/opt/gromacs/bin/g_traj_d -xvg no -s topol.tpr -f traj.trr -of force.xvg -fp[0m Stdin: System
Executing process: [92m/home/leeping/opt/gromacs/bin/g_energy_d -f ener.edr -xvg no[0m Stdin: Total-Energy\n
Executing process: [92m/home/leeping/opt/gromacs/bin/g_energy_d -f ener.edr -o energy.xvg -xvg no[0m Stdin: Bond\nAngle\nProper-Dih.\nLJ-14\nCoulomb-14\nLJ-(SR)\nCoulomb-(SR)\nPotential\nKinetic-En.\nTotal-Energy
#========================================================#
#| [92m             GROMACS energy components              [0m |#
#========================================================#
Bond                      497.920485 
Angle                     1626.083899 
Proper-Dih.               1286.478051 
LJ-14                     1019.535989 
Coulomb-14                13992.318631 
LJ-(SR)                   -1490.887302 
Coulomb-(SR)              -22465.563001 
Potential                 -5534.113248 
----------------------------------------------------------
Defines: {}
Constraints HBonds
#========================================================#
#| [92m              AMBER energy components               [0m |#
#========================================================#
BOND                      497.9206856 
ANGLE                     1626.0852408 
DIHED                     1286.4783288 
1-4 NB                    1019.5391288 
1-4 EEL                   13992.3947184 
VDWAALS                   -1490.8809544 
EELEC                     -22464.7867736 
EPTOT                     -5533.2496256 
----------------------------------------------------------
                        Bond         497.920485   --vs--       BOND         497.920686 Diff:     0.000201
                       Angle        1626.083899   --vs--      ANGLE        1626.085241 Diff:     0.001342
   Proper-Dih.+Improper-Dih.        1286.478051   --vs--      DIHED        1286.478329 Diff:     0.000278
                       LJ-14        1019.535989   --vs--     1-4 NB        1019.539129 Diff:     0.003140
                  Coulomb-14       13992.318631   --vs--    1-4 EEL       13992.394718 Diff:     0.076087
       LJ-(SR)+Disper.-corr.       -1490.887302   --vs--    VDWAALS       -1490.880954 Diff:     0.006348
   Coulomb-(SR)+Coul.-recip.      -22465.563001   --vs--      EELEC      -22464.786774 Diff:     0.776227
                   Potential       -5534.113248   --vs--      EPTOT       -5533.249626 Diff:     0.863622
RMS / Max Force Difference (kJ/mol/nm):  5.268272e-02  4.955365e-01
