'contact' cannot be imported (topology tools will be slow.)Using double precision GROMACS version 4
GMX resnames not in AMBER: CA CL CS DAB HO4 HOH HYP IB+ K LI MG NA NH2 ORN RB URE ZN
AMBER resnames not in GMX: 
Executing process: [92mpdb2gmx -ff amberfb15 -f protein-gmx.pdb          [0m Stdin: 1\n
Executing process: [92mtleap -f stage.leap                               [0m
Executing process: [92mgrompp_d -f eq.mdp -o eq.tpr                      [0m
Executing process: [92mmdrun_d -nt 1 -v -stepout 10 -deffnm eq           [0m
Executing process: [92mtrjconv_d -s eq.tpr -f eq.trr -o eq.gro -ndec 9 -pbc mol -dump 1[0m Stdin: 0\n
Executing process: [92m/home/leeping/opt/gromacs/bin/grompp_d -f enerfrc.mdp -c constrained.gro -p topol.top -maxwarn 1[0m
Executing process: [92m/home/leeping/opt/gromacs/bin/gmxdump_d -s topol.tpr -sys[0m
Executing process: [92m/home/leeping/opt/gromacs/bin/mdrun_d -nt 1 -rerunvsite -rerun constrained.gro[0m
Executing process: [92m/home/leeping/opt/gromacs/bin/g_energy_d -xvg no -f ener.edr -o energy.xvg[0m Stdin: Potential
Executing process: [92m/home/leeping/opt/gromacs/bin/g_traj_d -xvg no -s topol.tpr -f traj.trr -of force.xvg -fp[0m Stdin: System
Executing process: [92m/home/leeping/opt/gromacs/bin/g_energy_d -f ener.edr -xvg no[0m Stdin: Total-Energy\n
Executing process: [92m/home/leeping/opt/gromacs/bin/g_energy_d -f ener.edr -o energy.xvg -xvg no[0m Stdin: Bond\nAngle\nProper-Dih.\nImproper-Dih.\nLJ-14\nCoulomb-14\nLJ-(SR)\nCoulomb-(SR)\nPotential\nKinetic-En.\nTotal-Energy
#========================================================#
#| [92m             GROMACS energy components              [0m |#
#========================================================#
Bond                      8.369076 
Angle                     9.706424 
Proper-Dih.               16.078779 
Improper-Dih.             0.085676 
LJ-14                     20.303942 
Coulomb-14                -912.612215 
LJ-(SR)                   -12.907497 
Coulomb-(SR)              250.598753 
Potential                 -620.377062 
----------------------------------------------------------
Defines: {}
Constraints HBonds
#========================================================#
#| [92m              AMBER energy components               [0m |#
#========================================================#
BOND                      8.3688368 
ANGLE                     9.7064616 
DIHED                     16.2878936 
1-4 NB                    20.3041152 
1-4 EEL                   -912.6170088 
VDWAALS                   -12.90764 
EELEC                     250.59022 
EPTOT                     -620.26754 
----------------------------------------------------------
                        Bond           8.369076   --vs--       BOND           8.368837 Diff:    -0.000239
                       Angle           9.706424   --vs--      ANGLE           9.706462 Diff:     0.000038
   Proper-Dih.+Improper-Dih.          16.164455   --vs--      DIHED          16.287894 Diff:     0.123439
                       LJ-14          20.303942   --vs--     1-4 NB          20.304115 Diff:     0.000173
                  Coulomb-14        -912.612215   --vs--    1-4 EEL        -912.617009 Diff:    -0.004794
       LJ-(SR)+Disper.-corr.         -12.907497   --vs--    VDWAALS         -12.907640 Diff:    -0.000143
   Coulomb-(SR)+Coul.-recip.         250.598753   --vs--      EELEC         250.590220 Diff:    -0.008533
                   Potential        -620.377062   --vs--      EPTOT        -620.267540 Diff:     0.109522
RMS / Max Force Difference (kJ/mol/nm):  9.767980e+00  4.300226e+01
